[Sat Sep 21 21:47:18 2024][0]======================================================================
[Sat Sep 21 21:49:39 2024][0]======================================================================
[Sat Sep 21 21:51:35 2024][0]======================================================================
[Sat Sep 21 21:55:10 2024][0]======================================================================
[Sat Sep 21 21:56:08 2024][0]======================================================================
[Sat Sep 21 21:56:23 2024][0]======================================================================
[Sat Sep 21 21:56:33 2024][0]======================================================================
[Sat Sep 21 22:02:12 2024][DEBUG]======================================================================
[Sat Sep 21 22:06:15 2024][INFO]======================================================================
[Sat Sep 21 22:08:20 2024][INFO]==========initsocket success====================initsocket success==========
[Sat Sep 21 22:08:20 2024][INFO]==========webserver start=======================webserver start=============
[Sat Sep 21 22:08:20 2024][INFO]Port is8010 Port is8010 
[Sat Sep 21 22:12:25 2024][INFO]==========initsocket success==========
[Sat Sep 21 22:12:25 2024][INFO]==========webserver start=============
[Sat Sep 21 22:12:25 2024][INFO]Port is 8010 
[Sat Sep 21 22:13:54 2024][INFO]==========initsocket success==========
[Sat Sep 21 22:13:54 2024][INFO]==========webserver start=============
[Sat Sep 21 22:13:54 2024][INFO]Port is 8010 
[Sat Sep 21 22:14:10 2024][INFO]==========initsocket success==========
[Sat Sep 21 22:14:10 2024][INFO]==========webserver start=============
[Sat Sep 21 22:14:10 2024][INFO]Port is 8010 
[Sat Sep 21 22:14:10 2024][INFO]please visit 127.0.0.1:8010
[Sat Sep 21 22:17:48 2024][INFO]==========initsocket success==========
[Sat Sep 21 22:17:48 2024][INFO]==========webserver start=============
[Sat Sep 21 22:17:48 2024][INFO]Port is 8010 
[Sat Sep 21 22:17:48 2024][INFO]please visit 127.0.0.1:8010
[Sat Sep 21 22:17:58 2024][ERROR]bind error
[Sat Sep 21 22:18:51 2024][ERROR]bind error,请检查端口是否被占用
