Detecting C compiler ABI info failed to compile with the following output:
Change Dir: /home/puji/WebServer/build/CMakeFiles/CMakeTmp

Run Build Command(s):/usr/bin/gmake -f Makefile cmTC_fe33c/fast && /usr/bin/gmake  -f CMakeFiles/cmTC_fe33c.dir/build.make CMakeFiles/cmTC_fe33c.dir/build
gmake[1]: Entering directory '/home/puji/WebServer/build/CMakeFiles/CMakeTmp'
Building C object CMakeFiles/cmTC_fe33c.dir/CMakeCCompilerABI.c.o
/mnt/c/Users/puji/mingw64/bin/gcc.exe   -v -o CMakeFiles/cmTC_fe33c.dir/CMakeCCompilerABI.c.o -c /usr/share/cmake-3.22/Modules/CMakeCCompilerABI.c
Using built-in specs.
COLLECT_GCC=gcc.exe
OFFLOAD_TARGET_NAMES=nvptx-none
Target: x86_64-w64-mingw32
Configured with: ../configure --prefix=/R/winlibs64ucrt_stage/inst_gcc-14.2.0/share/gcc --build=x86_64-w64-mingw32 --host=x86_64-w64-mingw32 --enable-offload-targets=nvptx-none --with-pkgversion='MinGW-W64 x86_64-ucrt-posix-seh, built by Brecht Sanders, r1' --with-tune=generic --enable-checking=release --enable-threads=posix --disable-sjlj-exceptions --disable-libunwind-exceptions --disable-serial-configure --disable-bootstrap --enable-host-shared --enable-plugin --disable-default-ssp --disable-rpath --disable-libstdcxx-debug --disable-version-specific-runtime-libs --with-stabs --disable-symvers --enable-languages=c,c++,fortran,lto,objc,obj-c++ --disable-gold --disable-nls --disable-stage1-checking --disable-win32-registry --disable-multilib --enable-ld --enable-libquadmath --enable-libada --enable-libssp --enable-libstdcxx --enable-lto --enable-fully-dynamic-string --enable-libgomp --enable-graphite --enable-mingw-wildcard --enable-libstdcxx-time --enable-libstdcxx-pch --with-mpc=/d/Prog/winlibs64ucrt_stage/custombuilt --with-mpfr=/d/Prog/winlibs64ucrt_stage/custombuilt --with-gmp=/d/Prog/winlibs64ucrt_stage/custombuilt --with-isl=/d/Prog/winlibs64ucrt_stage/custombuilt --disable-libstdcxx-backtrace --enable-install-libiberty --enable-__cxa_atexit --without-included-gettext --with-diagnostics-color=auto --enable-clocale=generic --with-libiconv --with-system-zlib --with-build-sysroot=/R/winlibs64ucrt_stage/gcc-14.2.0/build_mingw/mingw-w64 CFLAGS='-D__USE_MINGW_ANSI_STDIO=0 -I/d/Prog/winlibs64ucrt_stage/custombuilt/include/libdl-win32   -march=nocona -msahf -mtune=generic -O2 -Wno-error=format' CXXFLAGS='-D__USE_MINGW_ANSI_STDIO=0 -Wno-int-conversion  -march=nocona -msahf -mtune=generic -O2' LDFLAGS='-pthread -Wl,--no-insert-timestamp -Wl,--dynamicbase -Wl,--high-entropy-va -Wl,--nxcompat -Wl,--tsaware' LD=/d/Prog/winlibs64ucrt_stage/custombuilt/share/binutils/bin/ld.exe
Thread model: posix
Supported LTO compression algorithms: zlib zstd
gcc version 14.2.0 (MinGW-W64 x86_64-ucrt-posix-seh, built by Brecht Sanders, r1) 
COLLECT_GCC_OPTIONS='-v' '-o' 'CMakeFiles/cmTC_fe33c.dir/CMakeCCompilerABI.c.o' '-c' '-mtune=generic' '-march=x86-64' '-dumpdir' 'CMakeFiles/cmTC_fe33c.dir/'
 C:/Users/puji/mingw64/bin/../libexec/gcc/x86_64-w64-mingw32/14.2.0/cc1.exe -quiet -v -iprefix C:/Users/puji/mingw64/bin/../lib/gcc/x86_64-w64-mingw32/14.2.0/ -D_REENTRANT /usr/share/cmake-3.22/Modules/CMakeCCompilerABI.c -quiet -dumpdir CMakeFiles/cmTC_fe33c.dir/ -dumpbase CMakeCCompilerABI.c.c -dumpbase-ext .c -mtune=generic -march=x86-64 -version -o C:\Users\puji\AppData\Local\Temp\ccDI9JAk.s
GNU C17 (MinGW-W64 x86_64-ucrt-posix-seh, built by Brecht Sanders, r1) version 14.2.0 (x86_64-w64-mingw32)
	compiled by GNU C version 14.2.0, GMP version 6.3.0, MPFR version 4.2.1, MPC version 1.3.1, isl version isl-0.26-GMP

GGC heuristics: --param ggc-min-expand=100 --param ggc-min-heapsize=131072
ignoring duplicate directory "C:/Users/puji/mingw64/lib/gcc/../../lib/gcc/x86_64-w64-mingw32/14.2.0/include"
ignoring nonexistent directory "R:/winlibs64ucrt_stage/inst_gcc-14.2.0/share/gcc/include"
ignoring nonexistent directory "/R/winlibs64ucrt_stage/inst_gcc-14.2.0/share/gcc/include"
ignoring duplicate directory "C:/Users/puji/mingw64/lib/gcc/../../lib/gcc/x86_64-w64-mingw32/14.2.0/include-fixed"
ignoring duplicate directory "C:/Users/puji/mingw64/lib/gcc/../../lib/gcc/x86_64-w64-mingw32/14.2.0/../../../../x86_64-w64-mingw32/include"
ignoring nonexistent directory "/mingw/include"
#include "..." search starts here:
#include <...> search starts here:
 C:/Users/puji/mingw64/bin/../lib/gcc/x86_64-w64-mingw32/14.2.0/include
 C:/Users/puji/mingw64/bin/../lib/gcc/x86_64-w64-mingw32/14.2.0/../../../../include
 C:/Users/puji/mingw64/bin/../lib/gcc/x86_64-w64-mingw32/14.2.0/include-fixed
 C:/Users/puji/mingw64/bin/../lib/gcc/x86_64-w64-mingw32/14.2.0/../../../../x86_64-w64-mingw32/include
End of search list.
Compiler executable checksum: d1c5c4d2f96191384e311e601b7cbf4a
COLLECT_GCC_OPTIONS='-v' '-o' 'CMakeFiles/cmTC_fe33c.dir/CMakeCCompilerABI.c.o' '-c' '-mtune=generic' '-march=x86-64' '-dumpdir' 'CMakeFiles/cmTC_fe33c.dir/'
 C:/Users/puji/mingw64/bin/../lib/gcc/x86_64-w64-mingw32/14.2.0/../../../../x86_64-w64-mingw32/bin/as.exe -v -o CMakeFiles/cmTC_fe33c.dir/CMakeCCompilerABI.c.o C:\Users\puji\AppData\Local\Temp\ccDI9JAk.s
GNU assembler version 2.43 (x86_64-w64-mingw32) using BFD version (Binutils for MinGW-W64 x86_64, built by Brecht Sanders, r1) 2.43
COMPILER_PATH=C:/Users/puji/mingw64/bin/../libexec/gcc/x86_64-w64-mingw32/14.2.0/;C:/Users/puji/mingw64/bin/../libexec/gcc/;C:/Users/puji/mingw64/bin/../lib/gcc/x86_64-w64-mingw32/14.2.0/../../../../x86_64-w64-mingw32/bin/
LIBRARY_PATH=C:/Users/puji/mingw64/bin/../lib/gcc/x86_64-w64-mingw32/14.2.0/;C:/Users/puji/mingw64/bin/../lib/gcc/;C:/Users/puji/mingw64/bin/../lib/gcc/x86_64-w64-mingw32/14.2.0/../../../../x86_64-w64-mingw32/lib/../lib/;C:/Users/puji/mingw64/bin/../lib/gcc/x86_64-w64-mingw32/14.2.0/../../../../lib/;C:/Users/puji/mingw64/bin/../lib/gcc/x86_64-w64-mingw32/14.2.0/../../../../x86_64-w64-mingw32/lib/;C:/Users/puji/mingw64/bin/../lib/gcc/x86_64-w64-mingw32/14.2.0/../../../
COLLECT_GCC_OPTIONS='-v' '-o' 'CMakeFiles/cmTC_fe33c.dir/CMakeCCompilerABI.c.o' '-c' '-mtune=generic' '-march=x86-64' '-dumpdir' 'CMakeFiles/cmTC_fe33c.dir/CMakeCCompilerABI.c.'
Linking C executable cmTC_fe33c
/usr/bin/cmake -E cmake_link_script CMakeFiles/cmTC_fe33c.dir/link.txt --verbose=1
/mnt/c/Users/puji/mingw64/bin/gcc.exe  -v CMakeFiles/cmTC_fe33c.dir/CMakeCCompilerABI.c.o -o cmTC_fe33c 
Using built-in specs.
COLLECT_GCC=gcc.exe
COLLECT_LTO_WRAPPER=C:/Users/puji/mingw64/bin/../libexec/gcc/x86_64-w64-mingw32/14.2.0/lto-wrapper.exe
OFFLOAD_TARGET_NAMES=nvptx-none
Target: x86_64-w64-mingw32
Configured with: ../configure --prefix=/R/winlibs64ucrt_stage/inst_gcc-14.2.0/share/gcc --build=x86_64-w64-mingw32 --host=x86_64-w64-mingw32 --enable-offload-targets=nvptx-none --with-pkgversion='MinGW-W64 x86_64-ucrt-posix-seh, built by Brecht Sanders, r1' --with-tune=generic --enable-checking=release --enable-threads=posix --disable-sjlj-exceptions --disable-libunwind-exceptions --disable-serial-configure --disable-bootstrap --enable-host-shared --enable-plugin --disable-default-ssp --disable-rpath --disable-libstdcxx-debug --disable-version-specific-runtime-libs --with-stabs --disable-symvers --enable-languages=c,c++,fortran,lto,objc,obj-c++ --disable-gold --disable-nls --disable-stage1-checking --disable-win32-registry --disable-multilib --enable-ld --enable-libquadmath --enable-libada --enable-libssp --enable-libstdcxx --enable-lto --enable-fully-dynamic-string --enable-libgomp --enable-graphite --enable-mingw-wildcard --enable-libstdcxx-time --enable-libstdcxx-pch --with-mpc=/d/Prog/winlibs64ucrt_stage/custombuilt --with-mpfr=/d/Prog/winlibs64ucrt_stage/custombuilt --with-gmp=/d/Prog/winlibs64ucrt_stage/custombuilt --with-isl=/d/Prog/winlibs64ucrt_stage/custombuilt --disable-libstdcxx-backtrace --enable-install-libiberty --enable-__cxa_atexit --without-included-gettext --with-diagnostics-color=auto --enable-clocale=generic --with-libiconv --with-system-zlib --with-build-sysroot=/R/winlibs64ucrt_stage/gcc-14.2.0/build_mingw/mingw-w64 CFLAGS='-D__USE_MINGW_ANSI_STDIO=0 -I/d/Prog/winlibs64ucrt_stage/custombuilt/include/libdl-win32   -march=nocona -msahf -mtune=generic -O2 -Wno-error=format' CXXFLAGS='-D__USE_MINGW_ANSI_STDIO=0 -Wno-int-conversion  -march=nocona -msahf -mtune=generic -O2' LDFLAGS='-pthread -Wl,--no-insert-timestamp -Wl,--dynamicbase -Wl,--high-entropy-va -Wl,--nxcompat -Wl,--tsaware' LD=/d/Prog/winlibs64ucrt_stage/custombuilt/share/binutils/bin/ld.exe
Thread model: posix
Supported LTO compression algorithms: zlib zstd
gcc version 14.2.0 (MinGW-W64 x86_64-ucrt-posix-seh, built by Brecht Sanders, r1) 
COMPILER_PATH=C:/Users/puji/mingw64/bin/../libexec/gcc/x86_64-w64-mingw32/14.2.0/;C:/Users/puji/mingw64/bin/../libexec/gcc/;C:/Users/puji/mingw64/bin/../lib/gcc/x86_64-w64-mingw32/14.2.0/../../../../x86_64-w64-mingw32/bin/
LIBRARY_PATH=C:/Users/puji/mingw64/bin/../lib/gcc/x86_64-w64-mingw32/14.2.0/;C:/Users/puji/mingw64/bin/../lib/gcc/;C:/Users/puji/mingw64/bin/../lib/gcc/x86_64-w64-mingw32/14.2.0/../../../../x86_64-w64-mingw32/lib/../lib/;C:/Users/puji/mingw64/bin/../lib/gcc/x86_64-w64-mingw32/14.2.0/../../../../lib/;C:/Users/puji/mingw64/bin/../lib/gcc/x86_64-w64-mingw32/14.2.0/../../../../x86_64-w64-mingw32/lib/;C:/Users/puji/mingw64/bin/../lib/gcc/x86_64-w64-mingw32/14.2.0/../../../
COLLECT_GCC_OPTIONS='-v' '-o' 'cmTC_fe33c.exe' '-mtune=generic' '-march=x86-64' '-dumpdir' 'cmTC_fe33c.'
 C:/Users/puji/mingw64/bin/../libexec/gcc/x86_64-w64-mingw32/14.2.0/collect2.exe -plugin C:/Users/puji/mingw64/bin/../libexec/gcc/x86_64-w64-mingw32/14.2.0/liblto_plugin.dll -plugin-opt=C:/Users/puji/mingw64/bin/../libexec/gcc/x86_64-w64-mingw32/14.2.0/lto-wrapper.exe -plugin-opt=-fresolution=C:\Users\puji\AppData\Local\Temp\cc4liy7h.res -plugin-opt=-pass-through=-lmingw32 -plugin-opt=-pass-through=-lgcc -plugin-opt=-pass-through=-lgcc_eh -plugin-opt=-pass-through=-lmingwex -plugin-opt=-pass-through=-lmsvcrt -plugin-opt=-pass-through=-lkernel32 -plugin-opt=-pass-through=-lpthread -plugin-opt=-pass-through=-ladvapi32 -plugin-opt=-pass-through=-lshell32 -plugin-opt=-pass-through=-luser32 -plugin-opt=-pass-through=-lkernel32 -plugin-opt=-pass-through=-lmingw32 -plugin-opt=-pass-through=-lgcc -plugin-opt=-pass-through=-lgcc_eh -plugin-opt=-pass-through=-lmingwex -plugin-opt=-pass-through=-lmsvcrt -plugin-opt=-pass-through=-lkernel32 -m i386pep -Bdynamic -o cmTC_fe33c.exe C:/Users/puji/mingw64/bin/../lib/gcc/x86_64-w64-mingw32/14.2.0/../../../../x86_64-w64-mingw32/lib/../lib/crt2.o C:/Users/puji/mingw64/bin/../lib/gcc/x86_64-w64-mingw32/14.2.0/crtbegin.o -LC:/Users/puji/mingw64/bin/../lib/gcc/x86_64-w64-mingw32/14.2.0 -LC:/Users/puji/mingw64/bin/../lib/gcc -LC:/Users/puji/mingw64/bin/../lib/gcc/x86_64-w64-mingw32/14.2.0/../../../../x86_64-w64-mingw32/lib/../lib -LC:/Users/puji/mingw64/bin/../lib/gcc/x86_64-w64-mingw32/14.2.0/../../../../lib -LC:/Users/puji/mingw64/bin/../lib/gcc/x86_64-w64-mingw32/14.2.0/../../../../x86_64-w64-mingw32/lib -LC:/Users/puji/mingw64/bin/../lib/gcc/x86_64-w64-mingw32/14.2.0/../../.. CMakeFiles/cmTC_fe33c.dir/CMakeCCompilerABI.c.o -lmingw32 -lgcc -lgcc_eh -lmingwex -lmsvcrt -lkernel32 -lpthread -ladvapi32 -lshell32 -luser32 -lkernel32 -lmingw32 -lgcc -lgcc_eh -lmingwex -lmsvcrt -lkernel32 C:/Users/puji/mingw64/bin/../lib/gcc/x86_64-w64-mingw32/14.2.0/crtend.o
COLLECT_GCC_OPTIONS='-v' '-o' 'cmTC_fe33c.exe' '-mtune=generic' '-march=x86-64' '-dumpdir' 'cmTC_fe33c.'
gmake[1]: Leaving directory '/home/puji/WebServer/build/CMakeFiles/CMakeTmp'


Cannot copy output executable
  ''
to destination specified by COPY_FILE:
  '/home/puji/WebServer/build/CMakeFiles/3.22.1/CMakeDetermineCompilerABI_C.bin'
Unable to find the executable at any of:
  /home/puji/WebServer/build/CMakeFiles/CMakeTmp/cmTC_fe33c
  /home/puji/WebServer/build/CMakeFiles/CMakeTmp/Debug/cmTC_fe33c
  /home/puji/WebServer/build/CMakeFiles/CMakeTmp/Development/cmTC_fe33c


Detecting CXX compiler ABI info failed to compile with the following output:
Change Dir: /home/puji/WebServer/build/CMakeFiles/CMakeTmp

Run Build Command(s):/usr/bin/gmake -f Makefile cmTC_a857a/fast && /usr/bin/gmake  -f CMakeFiles/cmTC_a857a.dir/build.make CMakeFiles/cmTC_a857a.dir/build
gmake[1]: Entering directory '/home/puji/WebServer/build/CMakeFiles/CMakeTmp'
Building CXX object CMakeFiles/cmTC_a857a.dir/CMakeCXXCompilerABI.cpp.o
/mnt/c/Users/puji/mingw64/bin/g++.exe   -v -o CMakeFiles/cmTC_a857a.dir/CMakeCXXCompilerABI.cpp.o -c /usr/share/cmake-3.22/Modules/CMakeCXXCompilerABI.cpp
Using built-in specs.
COLLECT_GCC=g++.exe
OFFLOAD_TARGET_NAMES=nvptx-none
Target: x86_64-w64-mingw32
Configured with: ../configure --prefix=/R/winlibs64ucrt_stage/inst_gcc-14.2.0/share/gcc --build=x86_64-w64-mingw32 --host=x86_64-w64-mingw32 --enable-offload-targets=nvptx-none --with-pkgversion='MinGW-W64 x86_64-ucrt-posix-seh, built by Brecht Sanders, r1' --with-tune=generic --enable-checking=release --enable-threads=posix --disable-sjlj-exceptions --disable-libunwind-exceptions --disable-serial-configure --disable-bootstrap --enable-host-shared --enable-plugin --disable-default-ssp --disable-rpath --disable-libstdcxx-debug --disable-version-specific-runtime-libs --with-stabs --disable-symvers --enable-languages=c,c++,fortran,lto,objc,obj-c++ --disable-gold --disable-nls --disable-stage1-checking --disable-win32-registry --disable-multilib --enable-ld --enable-libquadmath --enable-libada --enable-libssp --enable-libstdcxx --enable-lto --enable-fully-dynamic-string --enable-libgomp --enable-graphite --enable-mingw-wildcard --enable-libstdcxx-time --enable-libstdcxx-pch --with-mpc=/d/Prog/winlibs64ucrt_stage/custombuilt --with-mpfr=/d/Prog/winlibs64ucrt_stage/custombuilt --with-gmp=/d/Prog/winlibs64ucrt_stage/custombuilt --with-isl=/d/Prog/winlibs64ucrt_stage/custombuilt --disable-libstdcxx-backtrace --enable-install-libiberty --enable-__cxa_atexit --without-included-gettext --with-diagnostics-color=auto --enable-clocale=generic --with-libiconv --with-system-zlib --with-build-sysroot=/R/winlibs64ucrt_stage/gcc-14.2.0/build_mingw/mingw-w64 CFLAGS='-D__USE_MINGW_ANSI_STDIO=0 -I/d/Prog/winlibs64ucrt_stage/custombuilt/include/libdl-win32   -march=nocona -msahf -mtune=generic -O2 -Wno-error=format' CXXFLAGS='-D__USE_MINGW_ANSI_STDIO=0 -Wno-int-conversion  -march=nocona -msahf -mtune=generic -O2' LDFLAGS='-pthread -Wl,--no-insert-timestamp -Wl,--dynamicbase -Wl,--high-entropy-va -Wl,--nxcompat -Wl,--tsaware' LD=/d/Prog/winlibs64ucrt_stage/custombuilt/share/binutils/bin/ld.exe
Thread model: posix
Supported LTO compression algorithms: zlib zstd
gcc version 14.2.0 (MinGW-W64 x86_64-ucrt-posix-seh, built by Brecht Sanders, r1) 
COLLECT_GCC_OPTIONS='-v' '-o' 'CMakeFiles/cmTC_a857a.dir/CMakeCXXCompilerABI.cpp.o' '-c' '-shared-libgcc' '-mtune=generic' '-march=x86-64' '-dumpdir' 'CMakeFiles/cmTC_a857a.dir/'
 C:/Users/puji/mingw64/bin/../libexec/gcc/x86_64-w64-mingw32/14.2.0/cc1plus.exe -quiet -v -iprefix C:/Users/puji/mingw64/bin/../lib/gcc/x86_64-w64-mingw32/14.2.0/ -D_REENTRANT /usr/share/cmake-3.22/Modules/CMakeCXXCompilerABI.cpp -quiet -dumpdir CMakeFiles/cmTC_a857a.dir/ -dumpbase CMakeCXXCompilerABI.cpp.cpp -dumpbase-ext .cpp -mtune=generic -march=x86-64 -version -o C:\Users\puji\AppData\Local\Temp\ccOTS48S.s
GNU C++17 (MinGW-W64 x86_64-ucrt-posix-seh, built by Brecht Sanders, r1) version 14.2.0 (x86_64-w64-mingw32)
	compiled by GNU C version 14.2.0, GMP version 6.3.0, MPFR version 4.2.1, MPC version 1.3.1, isl version isl-0.26-GMP

GGC heuristics: --param ggc-min-expand=100 --param ggc-min-heapsize=131072
ignoring duplicate directory "C:/Users/puji/mingw64/lib/gcc/../../lib/gcc/x86_64-w64-mingw32/14.2.0/../../../../include/c++/14.2.0"
ignoring duplicate directory "C:/Users/puji/mingw64/lib/gcc/../../lib/gcc/x86_64-w64-mingw32/14.2.0/../../../../include/c++/14.2.0/x86_64-w64-mingw32"
ignoring duplicate directory "C:/Users/puji/mingw64/lib/gcc/../../lib/gcc/x86_64-w64-mingw32/14.2.0/../../../../include/c++/14.2.0/backward"
ignoring duplicate directory "C:/Users/puji/mingw64/lib/gcc/../../lib/gcc/x86_64-w64-mingw32/14.2.0/include"
ignoring nonexistent directory "R:/winlibs64ucrt_stage/inst_gcc-14.2.0/share/gcc/include"
ignoring nonexistent directory "/R/winlibs64ucrt_stage/inst_gcc-14.2.0/share/gcc/include"
ignoring duplicate directory "C:/Users/puji/mingw64/lib/gcc/../../lib/gcc/x86_64-w64-mingw32/14.2.0/include-fixed"
ignoring duplicate directory "C:/Users/puji/mingw64/lib/gcc/../../lib/gcc/x86_64-w64-mingw32/14.2.0/../../../../x86_64-w64-mingw32/include"
ignoring nonexistent directory "/mingw/include"
#include "..." search starts here:
#include <...> search starts here:
 C:/Users/puji/mingw64/bin/../lib/gcc/x86_64-w64-mingw32/14.2.0/../../../../include/c++/14.2.0
 C:/Users/puji/mingw64/bin/../lib/gcc/x86_64-w64-mingw32/14.2.0/../../../../include/c++/14.2.0/x86_64-w64-mingw32
 C:/Users/puji/mingw64/bin/../lib/gcc/x86_64-w64-mingw32/14.2.0/../../../../include/c++/14.2.0/backward
 C:/Users/puji/mingw64/bin/../lib/gcc/x86_64-w64-mingw32/14.2.0/include
 C:/Users/puji/mingw64/bin/../lib/gcc/x86_64-w64-mingw32/14.2.0/../../../../include
 C:/Users/puji/mingw64/bin/../lib/gcc/x86_64-w64-mingw32/14.2.0/include-fixed
 C:/Users/puji/mingw64/bin/../lib/gcc/x86_64-w64-mingw32/14.2.0/../../../../x86_64-w64-mingw32/include
End of search list.
Compiler executable checksum: ebb6c4cc1bfd77c50a973da944046a55
COLLECT_GCC_OPTIONS='-v' '-o' 'CMakeFiles/cmTC_a857a.dir/CMakeCXXCompilerABI.cpp.o' '-c' '-shared-libgcc' '-mtune=generic' '-march=x86-64' '-dumpdir' 'CMakeFiles/cmTC_a857a.dir/'
 C:/Users/puji/mingw64/bin/../lib/gcc/x86_64-w64-mingw32/14.2.0/../../../../x86_64-w64-mingw32/bin/as.exe -v -o CMakeFiles/cmTC_a857a.dir/CMakeCXXCompilerABI.cpp.o C:\Users\puji\AppData\Local\Temp\ccOTS48S.s
GNU assembler version 2.43 (x86_64-w64-mingw32) using BFD version (Binutils for MinGW-W64 x86_64, built by Brecht Sanders, r1) 2.43
COMPILER_PATH=C:/Users/puji/mingw64/bin/../libexec/gcc/x86_64-w64-mingw32/14.2.0/;C:/Users/puji/mingw64/bin/../libexec/gcc/;C:/Users/puji/mingw64/bin/../lib/gcc/x86_64-w64-mingw32/14.2.0/../../../../x86_64-w64-mingw32/bin/
LIBRARY_PATH=C:/Users/puji/mingw64/bin/../lib/gcc/x86_64-w64-mingw32/14.2.0/;C:/Users/puji/mingw64/bin/../lib/gcc/;C:/Users/puji/mingw64/bin/../lib/gcc/x86_64-w64-mingw32/14.2.0/../../../../x86_64-w64-mingw32/lib/../lib/;C:/Users/puji/mingw64/bin/../lib/gcc/x86_64-w64-mingw32/14.2.0/../../../../lib/;C:/Users/puji/mingw64/bin/../lib/gcc/x86_64-w64-mingw32/14.2.0/../../../../x86_64-w64-mingw32/lib/;C:/Users/puji/mingw64/bin/../lib/gcc/x86_64-w64-mingw32/14.2.0/../../../
COLLECT_GCC_OPTIONS='-v' '-o' 'CMakeFiles/cmTC_a857a.dir/CMakeCXXCompilerABI.cpp.o' '-c' '-shared-libgcc' '-mtune=generic' '-march=x86-64' '-dumpdir' 'CMakeFiles/cmTC_a857a.dir/CMakeCXXCompilerABI.cpp.'
Linking CXX executable cmTC_a857a
/usr/bin/cmake -E cmake_link_script CMakeFiles/cmTC_a857a.dir/link.txt --verbose=1
/mnt/c/Users/puji/mingw64/bin/g++.exe  -v CMakeFiles/cmTC_a857a.dir/CMakeCXXCompilerABI.cpp.o -o cmTC_a857a 
Using built-in specs.
COLLECT_GCC=g++.exe
COLLECT_LTO_WRAPPER=C:/Users/puji/mingw64/bin/../libexec/gcc/x86_64-w64-mingw32/14.2.0/lto-wrapper.exe
OFFLOAD_TARGET_NAMES=nvptx-none
Target: x86_64-w64-mingw32
Configured with: ../configure --prefix=/R/winlibs64ucrt_stage/inst_gcc-14.2.0/share/gcc --build=x86_64-w64-mingw32 --host=x86_64-w64-mingw32 --enable-offload-targets=nvptx-none --with-pkgversion='MinGW-W64 x86_64-ucrt-posix-seh, built by Brecht Sanders, r1' --with-tune=generic --enable-checking=release --enable-threads=posix --disable-sjlj-exceptions --disable-libunwind-exceptions --disable-serial-configure --disable-bootstrap --enable-host-shared --enable-plugin --disable-default-ssp --disable-rpath --disable-libstdcxx-debug --disable-version-specific-runtime-libs --with-stabs --disable-symvers --enable-languages=c,c++,fortran,lto,objc,obj-c++ --disable-gold --disable-nls --disable-stage1-checking --disable-win32-registry --disable-multilib --enable-ld --enable-libquadmath --enable-libada --enable-libssp --enable-libstdcxx --enable-lto --enable-fully-dynamic-string --enable-libgomp --enable-graphite --enable-mingw-wildcard --enable-libstdcxx-time --enable-libstdcxx-pch --with-mpc=/d/Prog/winlibs64ucrt_stage/custombuilt --with-mpfr=/d/Prog/winlibs64ucrt_stage/custombuilt --with-gmp=/d/Prog/winlibs64ucrt_stage/custombuilt --with-isl=/d/Prog/winlibs64ucrt_stage/custombuilt --disable-libstdcxx-backtrace --enable-install-libiberty --enable-__cxa_atexit --without-included-gettext --with-diagnostics-color=auto --enable-clocale=generic --with-libiconv --with-system-zlib --with-build-sysroot=/R/winlibs64ucrt_stage/gcc-14.2.0/build_mingw/mingw-w64 CFLAGS='-D__USE_MINGW_ANSI_STDIO=0 -I/d/Prog/winlibs64ucrt_stage/custombuilt/include/libdl-win32   -march=nocona -msahf -mtune=generic -O2 -Wno-error=format' CXXFLAGS='-D__USE_MINGW_ANSI_STDIO=0 -Wno-int-conversion  -march=nocona -msahf -mtune=generic -O2' LDFLAGS='-pthread -Wl,--no-insert-timestamp -Wl,--dynamicbase -Wl,--high-entropy-va -Wl,--nxcompat -Wl,--tsaware' LD=/d/Prog/winlibs64ucrt_stage/custombuilt/share/binutils/bin/ld.exe
Thread model: posix
Supported LTO compression algorithms: zlib zstd
gcc version 14.2.0 (MinGW-W64 x86_64-ucrt-posix-seh, built by Brecht Sanders, r1) 
COMPILER_PATH=C:/Users/puji/mingw64/bin/../libexec/gcc/x86_64-w64-mingw32/14.2.0/;C:/Users/puji/mingw64/bin/../libexec/gcc/;C:/Users/puji/mingw64/bin/../lib/gcc/x86_64-w64-mingw32/14.2.0/../../../../x86_64-w64-mingw32/bin/
LIBRARY_PATH=C:/Users/puji/mingw64/bin/../lib/gcc/x86_64-w64-mingw32/14.2.0/;C:/Users/puji/mingw64/bin/../lib/gcc/;C:/Users/puji/mingw64/bin/../lib/gcc/x86_64-w64-mingw32/14.2.0/../../../../x86_64-w64-mingw32/lib/../lib/;C:/Users/puji/mingw64/bin/../lib/gcc/x86_64-w64-mingw32/14.2.0/../../../../lib/;C:/Users/puji/mingw64/bin/../lib/gcc/x86_64-w64-mingw32/14.2.0/../../../../x86_64-w64-mingw32/lib/;C:/Users/puji/mingw64/bin/../lib/gcc/x86_64-w64-mingw32/14.2.0/../../../
COLLECT_GCC_OPTIONS='-v' '-o' 'cmTC_a857a.exe' '-shared-libgcc' '-mtune=generic' '-march=x86-64' '-dumpdir' 'cmTC_a857a.'
 C:/Users/puji/mingw64/bin/../libexec/gcc/x86_64-w64-mingw32/14.2.0/collect2.exe -plugin C:/Users/puji/mingw64/bin/../libexec/gcc/x86_64-w64-mingw32/14.2.0/liblto_plugin.dll -plugin-opt=C:/Users/puji/mingw64/bin/../libexec/gcc/x86_64-w64-mingw32/14.2.0/lto-wrapper.exe -plugin-opt=-fresolution=C:\Users\puji\AppData\Local\Temp\cc2guZv3.res -plugin-opt=-pass-through=-lmingw32 -plugin-opt=-pass-through=-lgcc_s -plugin-opt=-pass-through=-lgcc -plugin-opt=-pass-through=-lmingwex -plugin-opt=-pass-through=-lmsvcrt -plugin-opt=-pass-through=-lkernel32 -plugin-opt=-pass-through=-lpthread -plugin-opt=-pass-through=-ladvapi32 -plugin-opt=-pass-through=-lshell32 -plugin-opt=-pass-through=-luser32 -plugin-opt=-pass-through=-lkernel32 -plugin-opt=-pass-through=-lmingw32 -plugin-opt=-pass-through=-lgcc_s -plugin-opt=-pass-through=-lgcc -plugin-opt=-pass-through=-lmingwex -plugin-opt=-pass-through=-lmsvcrt -plugin-opt=-pass-through=-lkernel32 -m i386pep -Bdynamic -o cmTC_a857a.exe C:/Users/puji/mingw64/bin/../lib/gcc/x86_64-w64-mingw32/14.2.0/../../../../x86_64-w64-mingw32/lib/../lib/crt2.o C:/Users/puji/mingw64/bin/../lib/gcc/x86_64-w64-mingw32/14.2.0/crtbegin.o -LC:/Users/puji/mingw64/bin/../lib/gcc/x86_64-w64-mingw32/14.2.0 -LC:/Users/puji/mingw64/bin/../lib/gcc -LC:/Users/puji/mingw64/bin/../lib/gcc/x86_64-w64-mingw32/14.2.0/../../../../x86_64-w64-mingw32/lib/../lib -LC:/Users/puji/mingw64/bin/../lib/gcc/x86_64-w64-mingw32/14.2.0/../../../../lib -LC:/Users/puji/mingw64/bin/../lib/gcc/x86_64-w64-mingw32/14.2.0/../../../../x86_64-w64-mingw32/lib -LC:/Users/puji/mingw64/bin/../lib/gcc/x86_64-w64-mingw32/14.2.0/../../.. CMakeFiles/cmTC_a857a.dir/CMakeCXXCompilerABI.cpp.o -lstdc++ -lmingw32 -lgcc_s -lgcc -lmingwex -lmsvcrt -lkernel32 -lpthread -ladvapi32 -lshell32 -luser32 -lkernel32 -lmingw32 -lgcc_s -lgcc -lmingwex -lmsvcrt -lkernel32 C:/Users/puji/mingw64/bin/../lib/gcc/x86_64-w64-mingw32/14.2.0/crtend.o
COLLECT_GCC_OPTIONS='-v' '-o' 'cmTC_a857a.exe' '-shared-libgcc' '-mtune=generic' '-march=x86-64' '-dumpdir' 'cmTC_a857a.'
gmake[1]: Leaving directory '/home/puji/WebServer/build/CMakeFiles/CMakeTmp'


Cannot copy output executable
  ''
to destination specified by COPY_FILE:
  '/home/puji/WebServer/build/CMakeFiles/3.22.1/CMakeDetermineCompilerABI_CXX.bin'
Unable to find the executable at any of:
  /home/puji/WebServer/build/CMakeFiles/CMakeTmp/cmTC_a857a
  /home/puji/WebServer/build/CMakeFiles/CMakeTmp/Debug/cmTC_a857a
  /home/puji/WebServer/build/CMakeFiles/CMakeTmp/Development/cmTC_a857a


